{"timestamp": "2026-06-29T03:08:12.950239+00:00", "event": "input_received", "source": "test", "input": "open app notepad", "intent": null, "result": null, "meta": {}}
{"timestamp": "2026-06-29T03:08:19.946532+00:00", "event": "executed", "source": "test", "input": "open app notepad", "intent": {"action": "open_app", "value": "notepad"}, "result": "Opened notepad.exe.", "meta": {}}
{"timestamp": "2026-06-29T03:08:19.947452+00:00", "event": "input_received", "source": "test", "input": "shutdown", "intent": null, "result": null, "meta": {}}
{"timestamp": "2026-06-29T03:08:24.518082+00:00", "event": "confirmation_required", "source": "test", "input": "shutdown", "intent": {"action": "shutdown", "value": null}, "result": "That will shutdown the system. Say 'yes' to confirm or 'cancel' to abort.", "meta": {}}
{"timestamp": "2026-06-29T03:08:24.519348+00:00", "event": "input_received", "source": "test", "input": "yes", "intent": null, "result": null, "meta": {}}
{"timestamp": "2026-06-29T03:08:24.529607+00:00", "event": "executed", "source": "test", "input": "yes", "intent": {"action": "shutdown", "value": null}, "result": "Shutting down in 5 seconds.", "meta": {}}
{"timestamp": "2026-06-29T03:13:30.126588+00:00", "event": "input_received", "source": "cli", "input": "Open notepad", "intent": null, "result": null, "meta": {}}
{"timestamp": "2026-06-29T03:13:30.190779+00:00", "event": "executed", "source": "cli", "input": "Open notepad", "intent": null, "result": "Opened notepad.exe.", "meta": {}}
{"timestamp": "2026-06-29T03:13:38.985926+00:00", "event": "input_received", "source": "cli", "input": "open desktop", "intent": null, "result": null, "meta": {}}
{"timestamp": "2026-06-29T03:13:39.039345+00:00", "event": "executed", "source": "cli", "input": "open desktop", "intent": null, "result": "Opened C:\\Users\\Admin\\OneDrive\\Desktop.", "meta": {}}
{"timestamp": "2026-06-29T03:13:55.876195+00:00", "event": "input_received", "source": "cli", "input": "volume down", "intent": null, "result": null, "meta": {}}
{"timestamp": "2026-06-29T03:13:57.086625+00:00", "event": "executed", "source": "cli", "input": "volume down", "intent": null, "result": "Volume turned down.", "meta": {}}
{"timestamp": "2026-06-29T03:14:08.160458+00:00", "event": "input_received", "source": "cli", "input": "minimize", "intent": null, "result": null, "meta": {}}
{"timestamp": "2026-06-29T03:14:08.168603+00:00", "event": "executed", "source": "cli", "input": "minimize", "intent": null, "result": "Minimized safety.py - Razor - Cursor.", "meta": {}}
{"timestamp": "2026-06-29T03:14:17.344636+00:00", "event": "input_received", "source": "cli", "input": "help", "intent": null, "result": null, "meta": {}}
{"timestamp": "2026-06-29T03:14:17.345415+00:00", "event": "executed", "source": "cli", "input": "help", "intent": null, "result": "Available commands:\n  open app <name>        Launch an application\n  close app <name>       Close an application\n  open folder <name>     Open Desktop, Downloads, Documents, or a path\n  open file <name>       Find and open a file by name\n  search file <keyword>  Search for files by keyword\n  volume <up|down|mute|50>   Control system volume\n  brightness <up|down|50>    Control display brightness\n  minimize [window]      Minimize active or named window\n  maximize [window]      Maximize active or named window\n  close window [name]    Close active or named window\n  switch app [name]      Switch to next app or named window\n  shortcut <keys>        Run shortcut (e.g. copy, ctrl+c, win+d)\n  type <text>            Type text at cursor\n  click [left|right|x,y] Mouse click\n  scroll <up|down>       Scroll the mouse wheel\n  shutdown               Shut down the computer\n  restart                Restart the computer\n  help                   Show this help\n  exit / quit            Exit Razor CLI", "meta": {}}
{"timestamp": "2026-06-29T03:15:04.736122+00:00", "event": "input_received", "source": "cli", "input": "Can you open notepad for me", "intent": null, "result": null, "meta": {}}
{"timestamp": "2026-06-29T03:15:59.034345+00:00", "event": "input_received", "source": "cli", "input": "razor> can you open notepad for me", "intent": null, "result": null, "meta": {}}
{"timestamp": "2026-06-29T03:16:02.724545+00:00", "event": "executed", "source": "cli", "input": "razor> can you open notepad for me", "intent": {"action": "open_app", "value": "notepad"}, "result": "Opened notepad.exe.", "meta": {}}
{"timestamp": "2026-06-29T03:16:02.825846+00:00", "event": "input_received", "source": "cli", "input": "razor> turn the volume down", "intent": null, "result": null, "meta": {}}
{"timestamp": "2026-06-29T03:16:07.461540+00:00", "event": "executed", "source": "cli", "input": "razor> turn the volume down", "intent": {"action": "set_volume", "value": "down"}, "result": "Volume turned down.", "meta": {}}
{"timestamp": "2026-06-29T03:16:10.171265+00:00", "event": "input_received", "source": "cli", "input": "razor> open my downloads folder", "intent": null, "result": null, "meta": {}}
{"timestamp": "2026-06-29T03:16:12.848020+00:00", "event": "executed", "source": "cli", "input": "razor> open my downloads folder", "intent": {"action": "open_folder", "value": "downloads"}, "result": "Opened C:\\Users\\Admin\\Downloads.", "meta": {}}
{"timestamp": "2026-06-29T03:16:27.416613+00:00", "event": "input_received", "source": "cli", "input": "exit", "intent": null, "result": null, "meta": {}}
{"timestamp": "2026-06-29T03:16:31.285547+00:00", "event": "executed", "source": "cli", "input": "exit", "intent": {"action": "exit", "value": null}, "result": "__EXIT__", "meta": {}}
{"timestamp": "2026-06-29T03:16:50.484872+00:00", "event": "startup", "source": "assistant", "input": null, "intent": null, "result": null, "meta": {"ai": true, "tts": true, "stt": "whisper", "safe_mode": true}}
{"timestamp": "2026-06-29T03:16:50.488077+00:00", "event": "wake_listen_start", "source": "wake_word", "input": null, "intent": null, "result": null, "meta": {}}
{"timestamp": "2026-06-29T03:17:05.382128+00:00", "event": "wake_word_detected", "source": "wake_word", "input": null, "intent": null, "result": "Yes mate?", "meta": {}}
{"timestamp": "2026-06-29T03:17:47.333838+00:00", "event": "input_received", "source": "voice", "input": "Open up button.", "intent": null, "result": null, "meta": {}}
{"timestamp": "2026-06-29T03:18:16.977965+00:00", "event": "executed", "source": "voice", "input": "Open up button.", "intent": {"action": "open_file", "value": "button"}, "result": "Opened C:\\Users\\Admin\\System Apps\\MyPortfolio\\node_modules\\caniuse-lite\\data\\features\\css-file-selector-button.js.", "meta": {}}
{"timestamp": "2026-06-29T03:18:33.650870+00:00", "event": "wake_listen_start", "source": "wake_word", "input": null, "intent": null, "result": null, "meta": {}}
{"timestamp": "2026-06-29T03:29:39.011916+00:00", "event": "shutdown", "source": "assistant", "input": null, "intent": null, "result": "stopped", "meta": {}}
{"timestamp": "2026-06-29T03:29:51.284118+00:00", "event": "startup", "source": "assistant", "input": null, "intent": null, "result": null, "meta": {"ai": true, "tts": true, "stt": "vosk", "safe_mode": true}}
{"timestamp": "2026-06-29T03:29:51.285777+00:00", "event": "wake_listen_start", "source": "wake_word", "input": null, "intent": null, "result": null, "meta": {}}
{"timestamp": "2026-06-29T03:40:17.432924+00:00", "event": "wake_word_detected", "source": "wake_word", "input": null, "intent": null, "result": "Yes mate?", "meta": {}}
{"timestamp": "2026-06-29T03:40:28.267508+00:00", "event": "input_received", "source": "voice", "input": "can you have been calculator", "intent": null, "result": null, "meta": {}}
{"timestamp": "2026-06-29T03:40:59.755256+00:00", "event": "executed", "source": "voice", "input": "can you have been calculator", "intent": {"action": "unknown", "value": "have been calculator"}, "result": "I don't know how to handle 'have been calculator'.\nType 'help' for available commands.", "meta": {}}
{"timestamp": "2026-06-29T03:41:07.319702+00:00", "event": "wake_listen_start", "source": "wake_word", "input": null, "intent": null, "result": null, "meta": {}}
{"timestamp": "2026-06-29T03:41:22.066717+00:00", "event": "shutdown", "source": "assistant", "input": null, "intent": null, "result": "stopped", "meta": {}}
